<?xml version="1.0" encoding="UTF-8"?>
<testsuite xmlns:xsi="http://www.w3.org/2001/XMLSchema-instance" xsi:noNamespaceSchemaLocation="https://maven.apache.org/surefire/maven-surefire-plugin/xsd/surefire-test-report.xsd" name="stepdef.CukesRunnerTest" time="63.86" tests="28" errors="0" skipped="0" failures="0">
  <properties>
    <property name="sun.desktop" value="windows"/>
    <property name="awt.toolkit" value="sun.awt.windows.WToolkit"/>
    <property name="file.encoding.pkg" value="sun.io"/>
    <property name="java.specification.version" value="1.8"/>
    <property name="sun.cpu.isalist" value="amd64"/>
    <property name="sun.jnu.encoding" value="Cp1252"/>
    <property name="java.class.path" value="C:\Users\small\IdeaProjects\AutomationWipro\target\test-classes;C:\Users\small\IdeaProjects\AutomationWipro\target\classes;C:\Users\small\.m2\repository\junit\junit\4.11\junit-4.11.jar;C:\Users\small\.m2\repository\org\hamcrest\hamcrest-core\1.3\hamcrest-core-1.3.jar;C:\Users\small\.m2\repository\info\cukes\cucumber-junit\1.1.3\cucumber-junit-1.1.3.jar;C:\Users\small\.m2\repository\info\cukes\cucumber-core\1.1.3\cucumber-core-1.1.3.jar;C:\Users\small\.m2\repository\info\cukes\cucumber-java\1.1.3\cucumber-java-1.1.3.jar;C:\Users\small\.m2\repository\org\seleniumhq\selenium\selenium-java\3.12.0\selenium-java-3.12.0.jar;C:\Users\small\.m2\repository\org\seleniumhq\selenium\selenium-api\3.12.0\selenium-api-3.12.0.jar;C:\Users\small\.m2\repository\org\seleniumhq\selenium\selenium-chrome-driver\3.12.0\selenium-chrome-driver-3.12.0.jar;C:\Users\small\.m2\repository\org\seleniumhq\selenium\selenium-edge-driver\3.12.0\selenium-edge-driver-3.12.0.jar;C:\Users\small\.m2\repository\org\seleniumhq\selenium\selenium-firefox-driver\3.12.0\selenium-firefox-driver-3.12.0.jar;C:\Users\small\.m2\repository\org\seleniumhq\selenium\selenium-ie-driver\3.12.0\selenium-ie-driver-3.12.0.jar;C:\Users\small\.m2\repository\org\seleniumhq\selenium\selenium-opera-driver\3.12.0\selenium-opera-driver-3.12.0.jar;C:\Users\small\.m2\repository\org\seleniumhq\selenium\selenium-remote-driver\3.12.0\selenium-remote-driver-3.12.0.jar;C:\Users\small\.m2\repository\org\seleniumhq\selenium\selenium-safari-driver\3.12.0\selenium-safari-driver-3.12.0.jar;C:\Users\small\.m2\repository\org\seleniumhq\selenium\selenium-support\3.12.0\selenium-support-3.12.0.jar;C:\Users\small\.m2\repository\net\bytebuddy\byte-buddy\1.8.3\byte-buddy-1.8.3.jar;C:\Users\small\.m2\repository\org\apache\commons\commons-exec\1.3\commons-exec-1.3.jar;C:\Users\small\.m2\repository\commons-codec\commons-codec\1.10\commons-codec-1.10.jar;C:\Users\small\.m2\repository\commons-logging\commons-logging\1.2\commons-logging-1.2.jar;C:\Users\small\.m2\repository\com\google\code\gson\gson\2.8.2\gson-2.8.2.jar;C:\Users\small\.m2\repository\com\google\guava\guava\23.6-jre\guava-23.6-jre.jar;C:\Users\small\.m2\repository\com\google\code\findbugs\jsr305\1.3.9\jsr305-1.3.9.jar;C:\Users\small\.m2\repository\org\checkerframework\checker-compat-qual\2.0.0\checker-compat-qual-2.0.0.jar;C:\Users\small\.m2\repository\com\google\errorprone\error_prone_annotations\2.1.3\error_prone_annotations-2.1.3.jar;C:\Users\small\.m2\repository\com\google\j2objc\j2objc-annotations\1.1\j2objc-annotations-1.1.jar;C:\Users\small\.m2\repository\org\codehaus\mojo\animal-sniffer-annotations\1.14\animal-sniffer-annotations-1.14.jar;C:\Users\small\.m2\repository\org\apache\httpcomponents\httpclient\4.5.3\httpclient-4.5.3.jar;C:\Users\small\.m2\repository\org\apache\httpcomponents\httpcore\4.4.6\httpcore-4.4.6.jar;C:\Users\small\.m2\repository\com\squareup\okhttp3\okhttp\3.9.1\okhttp-3.9.1.jar;C:\Users\small\.m2\repository\com\squareup\okio\okio\1.13.0\okio-1.13.0.jar;"/>
    <property name="java.vm.vendor" value="Oracle Corporation"/>
    <property name="sun.arch.data.model" value="64"/>
    <property name="user.variant" value=""/>
    <property name="java.vendor.url" value="http://java.oracle.com/"/>
    <property name="user.timezone" value=""/>
    <property name="java.vm.specification.version" value="1.8"/>
    <property name="os.name" value="Windows 10"/>
    <property name="user.country" value="GB"/>
    <property name="sun.java.launcher" value="SUN_STANDARD"/>
    <property name="sun.boot.library.path" value="C:\Program Files\Java\jdk1.8.0_172\jre\bin"/>
    <property name="sun.java.command" value="C:\Users\small\AppData\Local\Temp\surefire5130663115590496722\surefirebooter8814489134416450331.jar C:\Users\small\AppData\Local\Temp\surefire5130663115590496722 2018-05-21T02-45-54_085-jvmRun1 surefire2049720608992092702tmp surefire_06877561734649082212tmp"/>
    <property name="surefire.test.class.path" value="C:\Users\small\IdeaProjects\AutomationWipro\target\test-classes;C:\Users\small\IdeaProjects\AutomationWipro\target\classes;C:\Users\small\.m2\repository\junit\junit\4.11\junit-4.11.jar;C:\Users\small\.m2\repository\org\hamcrest\hamcrest-core\1.3\hamcrest-core-1.3.jar;C:\Users\small\.m2\repository\info\cukes\cucumber-junit\1.1.3\cucumber-junit-1.1.3.jar;C:\Users\small\.m2\repository\info\cukes\cucumber-core\1.1.3\cucumber-core-1.1.3.jar;C:\Users\small\.m2\repository\info\cukes\cucumber-java\1.1.3\cucumber-java-1.1.3.jar;C:\Users\small\.m2\repository\org\seleniumhq\selenium\selenium-java\3.12.0\selenium-java-3.12.0.jar;C:\Users\small\.m2\repository\org\seleniumhq\selenium\selenium-api\3.12.0\selenium-api-3.12.0.jar;C:\Users\small\.m2\repository\org\seleniumhq\selenium\selenium-chrome-driver\3.12.0\selenium-chrome-driver-3.12.0.jar;C:\Users\small\.m2\repository\org\seleniumhq\selenium\selenium-edge-driver\3.12.0\selenium-edge-driver-3.12.0.jar;C:\Users\small\.m2\repository\org\seleniumhq\selenium\selenium-firefox-driver\3.12.0\selenium-firefox-driver-3.12.0.jar;C:\Users\small\.m2\repository\org\seleniumhq\selenium\selenium-ie-driver\3.12.0\selenium-ie-driver-3.12.0.jar;C:\Users\small\.m2\repository\org\seleniumhq\selenium\selenium-opera-driver\3.12.0\selenium-opera-driver-3.12.0.jar;C:\Users\small\.m2\repository\org\seleniumhq\selenium\selenium-remote-driver\3.12.0\selenium-remote-driver-3.12.0.jar;C:\Users\small\.m2\repository\org\seleniumhq\selenium\selenium-safari-driver\3.12.0\selenium-safari-driver-3.12.0.jar;C:\Users\small\.m2\repository\org\seleniumhq\selenium\selenium-support\3.12.0\selenium-support-3.12.0.jar;C:\Users\small\.m2\repository\net\bytebuddy\byte-buddy\1.8.3\byte-buddy-1.8.3.jar;C:\Users\small\.m2\repository\org\apache\commons\commons-exec\1.3\commons-exec-1.3.jar;C:\Users\small\.m2\repository\commons-codec\commons-codec\1.10\commons-codec-1.10.jar;C:\Users\small\.m2\repository\commons-logging\commons-logging\1.2\commons-logging-1.2.jar;C:\Users\small\.m2\repository\com\google\code\gson\gson\2.8.2\gson-2.8.2.jar;C:\Users\small\.m2\repository\com\google\guava\guava\23.6-jre\guava-23.6-jre.jar;C:\Users\small\.m2\repository\com\google\code\findbugs\jsr305\1.3.9\jsr305-1.3.9.jar;C:\Users\small\.m2\repository\org\checkerframework\checker-compat-qual\2.0.0\checker-compat-qual-2.0.0.jar;C:\Users\small\.m2\repository\com\google\errorprone\error_prone_annotations\2.1.3\error_prone_annotations-2.1.3.jar;C:\Users\small\.m2\repository\com\google\j2objc\j2objc-annotations\1.1\j2objc-annotations-1.1.jar;C:\Users\small\.m2\repository\org\codehaus\mojo\animal-sniffer-annotations\1.14\animal-sniffer-annotations-1.14.jar;C:\Users\small\.m2\repository\org\apache\httpcomponents\httpclient\4.5.3\httpclient-4.5.3.jar;C:\Users\small\.m2\repository\org\apache\httpcomponents\httpcore\4.4.6\httpcore-4.4.6.jar;C:\Users\small\.m2\repository\com\squareup\okhttp3\okhttp\3.9.1\okhttp-3.9.1.jar;C:\Users\small\.m2\repository\com\squareup\okio\okio\1.13.0\okio-1.13.0.jar;"/>
    <property name="sun.cpu.endian" value="little"/>
    <property name="user.home" value="C:\Users\small"/>
    <property name="user.language" value="en"/>
    <property name="java.specification.vendor" value="Oracle Corporation"/>
    <property name="java.home" value="C:\Program Files\Java\jdk1.8.0_172\jre"/>
    <property name="basedir" value="C:\Users\small\IdeaProjects\AutomationWipro"/>
    <property name="file.separator" value="\"/>
    <property name="line.separator" value="&#10;"/>
    <property name="java.vm.specification.vendor" value="Oracle Corporation"/>
    <property name="java.specification.name" value="Java Platform API Specification"/>
    <property name="java.awt.graphicsenv" value="sun.awt.Win32GraphicsEnvironment"/>
    <property name="surefire.real.class.path" value="C:\Users\small\AppData\Local\Temp\surefire5130663115590496722\surefirebooter8814489134416450331.jar"/>
    <property name="sun.boot.class.path" value="C:\Program Files\Java\jdk1.8.0_172\jre\lib\resources.jar;C:\Program Files\Java\jdk1.8.0_172\jre\lib\rt.jar;C:\Program Files\Java\jdk1.8.0_172\jre\lib\sunrsasign.jar;C:\Program Files\Java\jdk1.8.0_172\jre\lib\jsse.jar;C:\Program Files\Java\jdk1.8.0_172\jre\lib\jce.jar;C:\Program Files\Java\jdk1.8.0_172\jre\lib\charsets.jar;C:\Program Files\Java\jdk1.8.0_172\jre\lib\jfr.jar;C:\Program Files\Java\jdk1.8.0_172\jre\classes"/>
    <property name="user.script" value=""/>
    <property name="sun.management.compiler" value="HotSpot 64-Bit Tiered Compilers"/>
    <property name="java.runtime.version" value="1.8.0_172-b11"/>
    <property name="user.name" value="small"/>
    <property name="path.separator" value=";"/>
    <property name="os.version" value="10.0"/>
    <property name="java.endorsed.dirs" value="C:\Program Files\Java\jdk1.8.0_172\jre\lib\endorsed"/>
    <property name="java.runtime.name" value="Java(TM) SE Runtime Environment"/>
    <property name="file.encoding" value="Cp1252"/>
    <property name="java.vm.name" value="Java HotSpot(TM) 64-Bit Server VM"/>
    <property name="localRepository" value="C:\Users\small\.m2\repository"/>
    <property name="java.vendor.url.bug" value="http://bugreport.sun.com/bugreport/"/>
    <property name="java.io.tmpdir" value="C:\Users\small\AppData\Local\Temp\"/>
    <property name="java.version" value="1.8.0_172"/>
    <property name="user.dir" value="C:\Users\small\IdeaProjects\AutomationWipro"/>
    <property name="os.arch" value="amd64"/>
    <property name="java.vm.specification.name" value="Java Virtual Machine Specification"/>
    <property name="java.awt.printerjob" value="sun.awt.windows.WPrinterJob"/>
    <property name="sun.os.patch.level" value=""/>
    <property name="java.library.path" value="C:\Program Files\Java\jdk1.8.0_172\jre\bin;C:\WINDOWS\Sun\Java\bin;C:\WINDOWS\system32;C:\WINDOWS;C:\ProgramData\Oracle\Java\javapath;C:\WINDOWS\system32;C:\WINDOWS;C:\WINDOWS\System32\Wbem;C:\WINDOWS\System32\WindowsPowerShell\v1.0\;C:\ProgramData\chocolatey\bin;C:\Program Files\Java\jdk-10.0.1\bin;C:\Program Files\Java\jdk1.8.0_172\bin;C:\Program Files\Git\cmd;C:\WINDOWS\System32\OpenSSH\;C:\Users\small\AppData\Local\Programs\Python\Python36\Scripts\;C:\Users\small\AppData\Local\Programs\Python\Python36\;C:\Users\small\AppData\Local\Microsoft\WindowsApps;C:\Program Files (x86)\Microsoft VS Code\bin;."/>
    <property name="java.vm.info" value="mixed mode"/>
    <property name="java.vendor" value="Oracle Corporation"/>
    <property name="java.vm.version" value="25.172-b11"/>
    <property name="java.ext.dirs" value="C:\Program Files\Java\jdk1.8.0_172\jre\lib\ext;C:\WINDOWS\Sun\Java\lib\ext"/>
    <property name="sun.io.unicode.encoding" value="UnicodeLittle"/>
    <property name="java.class.version" value="52.0"/>
  </properties>
  <testcase name="Given I am on the forecast page" classname="| Edinburgh |" time="0.004"/>
  <testcase name="When I enter the city name &quot;Edinburgh&quot;" classname="| Edinburgh |" time="0"/>
  <testcase name="Then a 5 day forecast will be displayed" classname="| Edinburgh |" time="0"/>
  <testcase name="| Edinburgh |" classname="| Edinburgh |" time="0.443"/>
  <testcase name="Given I am on the forecast page" classname="| Dundee |" time="0"/>
  <testcase name="When I enter the city name &quot;Dundee&quot;" classname="| Dundee |" time="0"/>
  <testcase name="Then a 5 day forecast will be displayed" classname="| Dundee |" time="0"/>
  <testcase name="| Dundee |" classname="| Dundee |" time="0.487"/>
  <testcase name="Given I am on the forecast page" classname="| Aberdeen |" time="0"/>
  <testcase name="When I enter the city name &quot;Aberdeen&quot;" classname="| Aberdeen |" time="0"/>
  <testcase name="Then a 5 day forecast will be displayed" classname="| Aberdeen |" time="0"/>
  <testcase name="| Aberdeen |" classname="| Aberdeen |" time="0.42"/>
  <testcase name="Given I am on the forecast page" classname="| gLaSgOw |" time="0"/>
  <testcase name="When I enter the city name &quot;gLaSgOw&quot;" classname="| gLaSgOw |" time="0"/>
  <testcase name="Then a 5 day forecast will be displayed" classname="| gLaSgOw |" time="0"/>
  <testcase name="| gLaSgOw |" classname="| gLaSgOw |" time="0.375"/>
  <testcase name="Given I am on the forecast page" classname="| Arakis |" time="0"/>
  <testcase name="When I enter the city name &quot;Arakis&quot;" classname="| Arakis |" time="0"/>
  <testcase name="Then a error message is displayed" classname="| Arakis |" time="0"/>
  <testcase name="| Arakis |" classname="| Arakis |" time="0.397"/>
  <testcase name="Given I am on the forecast page" classname="| 12345 |" time="0"/>
  <testcase name="When I enter the city name &quot;12345&quot;" classname="| 12345 |" time="0"/>
  <testcase name="Then a error message is displayed" classname="| 12345 |" time="0"/>
  <testcase name="| 12345 |" classname="| 12345 |" time="0.345"/>
  <testcase name="Given I am on the forecast page" classname="| Edin Burgh |" time="0"/>
  <testcase name="When I enter the city name &quot;Edin Burgh&quot;" classname="| Edin Burgh |" time="0"/>
  <testcase name="Then a error message is displayed" classname="| Edin Burgh |" time="0"/>
  <testcase name="| Edin Burgh |" classname="| Edin Burgh |" time="0.325"/>
</testsuite>